<<<<<<< Updated upstream
﻿Build started 21/11/40 01:41:35 ص.
     1>Project "C:\Users\Basil Atawneh\Desktop\Sticky Notes\Sticky Notes\Sticky Notes.vcxproj" on node 2 (Build target(s)).
||||||| merged common ancestors
﻿Build started 25-Jul-19 3:00:24 PM.
     1>Project "C:\Users\H\Desktop\sticky note\Sticky-Notes\Sticky Notes\Sticky Notes.vcxproj" on node 2 (Build target(s)).
=======
﻿Build started 22/11/40 08:15:37 م.
     1>Project "C:\Users\Basil Atawneh\Desktop\Sticky Notes\Sticky Notes\Sticky Notes.vcxproj" on node 2 (Build target(s)).
>>>>>>> Stashed changes
     1>ClCompile:
         C:\Program Files (x86)\Microsoft Visual Studio 11.0\VC\bin\CL.exe /c /ZI /nologo /W3 /WX- /Od /Oy- /D _MBCS /Gm /EHsc /RTC1 /MDd /GS /fp:precise /Zc:wchar_t /Zc:forScope /Fo"Debug\\" /Fd"Debug\vc110.pdb" /Gd /TP /analyze- /errorReport:prompt stickyNotes.cpp
         stickyNotes.cpp
<<<<<<< Updated upstream
||||||| merged common ancestors
     1>c:\users\h\desktop\sticky note\sticky-notes\sticky notes\stickynotes.cpp(54): warning C4996: 'ctime': This function or variable may be unsafe. Consider using ctime_s instead. To disable deprecation, use _CRT_SECURE_NO_WARNINGS. See online help for details.
                 c:\users\h\documents\visualstudio\vc\include\time.inl(86) : see declaration of 'ctime'
=======
     1>c:\users\basil atawneh\desktop\sticky notes\sticky notes\stickynotes.cpp(43): warning C4996: 'ctime': This function or variable may be unsafe. Consider using ctime_s instead. To disable deprecation, use _CRT_SECURE_NO_WARNINGS. See online help for details.
                 c:\program files (x86)\microsoft visual studio 11.0\vc\include\time.inl(86) : see declaration of 'ctime'
>>>>>>> Stashed changes
       Link:
         C:\Program Files (x86)\Microsoft Visual Studio 11.0\VC\bin\link.exe /ERRORREPORT:PROMPT /OUT:"C:\Users\Basil Atawneh\Desktop\Sticky Notes\Debug\Sticky Notes.exe" /INCREMENTAL /NOLOGO kernel32.lib user32.lib gdi32.lib winspool.lib comdlg32.lib advapi32.lib shell32.lib ole32.lib oleaut32.lib uuid.lib odbc32.lib odbccp32.lib /MANIFEST /MANIFESTUAC:"level='asInvoker' uiAccess='false'" /manifest:embed /DEBUG /PDB:"C:\Users\Basil Atawneh\Desktop\Sticky Notes\Debug\Sticky Notes.pdb" /TLBID:1 /DYNAMICBASE /NXCOMPAT /IMPLIB:"C:\Users\Basil Atawneh\Desktop\Sticky Notes\Debug\Sticky Notes.lib" /MACHINE:X86 Debug\stickyNotes.obj
         Sticky Notes.vcxproj -> C:\Users\Basil Atawneh\Desktop\Sticky Notes\Debug\Sticky Notes.exe
     1>Done Building Project "C:\Users\Basil Atawneh\Desktop\Sticky Notes\Sticky Notes\Sticky Notes.vcxproj" (Build target(s)).

Build succeeded.

<<<<<<< Updated upstream
Time Elapsed 00:00:02.55
||||||| merged common ancestors
Time Elapsed 00:00:01.13
=======
Time Elapsed 00:00:03.36
>>>>>>> Stashed changes
